<?xml version="1.0" encoding="UTF-8"?>
<coverage generated="1617934348462" clover="3.2.0">
  <project timestamp="1617934348462" name="All files">
    <metrics statements="9" coveredstatements="9" conditionals="0" coveredconditionals="0" methods="1" coveredmethods="1" elements="10" coveredelements="10" complexity="0" loc="9" ncloc="9" packages="3" files="3" classes="3"/>
    <package name="src">
      <metrics statements="2" coveredstatements="2" conditionals="0" coveredconditionals="0" methods="1" coveredmethods="1"/>
      <file name="examples.ts" path="/home/runner/work/backend/backend/src/examples.ts">
        <metrics statements="2" coveredstatements="2" conditionals="0" coveredconditionals="0" methods="1" coveredmethods="1"/>
        <line num="2" count="1" type="stmt"/>
        <line num="5" count="1" type="stmt"/>
      </file>
    </package>
    <package name="src.orm">
      <metrics statements="1" coveredstatements="1" conditionals="0" coveredconditionals="0" methods="0" coveredmethods="0"/>
      <file name="entities.ts" path="/home/runner/work/backend/backend/src/orm/entities.ts">
        <metrics statements="1" coveredstatements="1" conditionals="0" coveredconditionals="0" methods="0" coveredmethods="0"/>
        <line num="1" count="1" type="stmt"/>
      </file>
    </package>
    <package name="src.orm.entity">
      <metrics statements="6" coveredstatements="6" conditionals="0" coveredconditionals="0" methods="0" coveredmethods="0"/>
      <file name="exampleUser.ts" path="/home/runner/work/backend/backend/src/orm/entity/exampleUser.ts">
        <metrics statements="6" coveredstatements="6" conditionals="0" coveredconditionals="0" methods="0" coveredmethods="0"/>
        <line num="1" count="1" type="stmt"/>
        <line num="4" count="1" type="stmt"/>
        <line num="6" count="1" type="stmt"/>
        <line num="9" count="1" type="stmt"/>
        <line num="12" count="1" type="stmt"/>
        <line num="15" count="1" type="stmt"/>
      </file>
    </package>
  </project>
</coverage>
