{"/home/runner/work/backend/backend/src/app.ts": {"path":"/home/runner/work/backend/backend/src/app.ts","statementMap":{"0":{"start":{"line":1,"column":0},"end":{"line":1,"column":26}},"1":{"start":{"line":4,"column":0},"end":{"line":4,"column":31}},"2":{"start":{"line":5,"column":0},"end":{"line":5,"column":30}},"3":{"start":{"line":6,"column":0},"end":{"line":6,"column":53}},"4":{"start":{"line":7,"column":0},"end":{"line":7,"column":48}},"5":{"start":{"line":8,"column":0},"end":{"line":8,"column":28}},"6":{"start":{"line":9,"column":0},"end":{"line":9,"column":30}},"7":{"start":{"line":11,"column":13},"end":{"line":11,"column":29}},"8":{"start":{"line":31,"column":15},"end":{"line":65,"column":2}},"9":{"start":{"line":38,"column":3},"end":{"line":55,"column":null}},"10":{"start":{"line":39,"column":4},"end":{"line":39,"column":58}},"11":{"start":{"line":40,"column":4},"end":{"line":49,"column":null}},"12":{"start":{"line":41,"column":44},"end":{"line":41,"column":77}},"13":{"start":{"line":42,"column":18},"end":{"line":42,"column":89}},"14":{"start":{"line":43,"column":5},"end":{"line":48,"column":null}},"15":{"start":{"line":44,"column":6},"end":{"line":44,"column":45}},"16":{"start":{"line":45,"column":6},"end":{"line":45,"column":33}},"17":{"start":{"line":47,"column":6},"end":{"line":47,"column":64}},"18":{"start":{"line":50,"column":4},"end":{"line":54,"column":null}},"19":{"start":{"line":51,"column":5},"end":{"line":51,"column":45}},"20":{"start":{"line":53,"column":5},"end":{"line":53,"column":63}},"21":{"start":{"line":56,"column":3},"end":{"line":62,"column":null}},"22":{"start":{"line":57,"column":4},"end":{"line":57,"column":9}},"23":{"start":{"line":59,"column":22},"end":{"line":59,"column":67}},"24":{"start":{"line":60,"column":4},"end":{"line":60,"column":27}},"25":{"start":{"line":67,"column":19},"end":{"line":67,"column":63}},"26":{"start":{"line":68,"column":0},"end":{"line":68,"column":67}},"27":{"start":{"line":70,"column":0},"end":{"line":75,"column":3}},"28":{"start":{"line":71,"column":1},"end":{"line":73,"column":null}},"29":{"start":{"line":72,"column":2},"end":{"line":72,"column":12}},"30":{"start":{"line":74,"column":1},"end":{"line":74,"column":30}}},"fnMap":{"0":{"name":"securityHandler","decl":{"start":{"line":36,"column":22},"end":{"line":36,"column":37}},"loc":{"start":{"line":36,"column":50},"end":{"line":63,"column":3}}},"1":{"name":"(anonymous_8)","decl":{"start":{"line":70,"column":30},"end":{"line":70,"column":31}},"loc":{"start":{"line":70,"column":54},"end":{"line":75,"column":1}}}},"branchMap":{"0":{"loc":{"start":{"line":38,"column":3},"end":{"line":55,"column":null}},"type":"if","locations":[{"start":{"line":38,"column":3},"end":{"line":55,"column":null}},{"start":{"line":38,"column":3},"end":{"line":55,"column":null}}]},"1":{"loc":{"start":{"line":40,"column":4},"end":{"line":49,"column":null}},"type":"if","locations":[{"start":{"line":40,"column":4},"end":{"line":49,"column":null}},{"start":{"line":40,"column":4},"end":{"line":49,"column":null}}]},"2":{"loc":{"start":{"line":43,"column":5},"end":{"line":48,"column":null}},"type":"if","locations":[{"start":{"line":43,"column":5},"end":{"line":48,"column":null}},{"start":{"line":43,"column":5},"end":{"line":48,"column":null}}]},"3":{"loc":{"start":{"line":50,"column":4},"end":{"line":54,"column":null}},"type":"if","locations":[{"start":{"line":50,"column":4},"end":{"line":54,"column":null}},{"start":{"line":50,"column":4},"end":{"line":54,"column":null}}]},"4":{"loc":{"start":{"line":56,"column":3},"end":{"line":62,"column":null}},"type":"if","locations":[{"start":{"line":56,"column":3},"end":{"line":62,"column":null}},{"start":{"line":56,"column":3},"end":{"line":62,"column":null}}]},"5":{"loc":{"start":{"line":71,"column":1},"end":{"line":73,"column":null}},"type":"if","locations":[{"start":{"line":71,"column":1},"end":{"line":73,"column":null}},{"start":{"line":71,"column":1},"end":{"line":73,"column":null}}]}},"s":{"0":0,"1":0,"2":0,"3":0,"4":0,"5":0,"6":0,"7":0,"8":0,"9":0,"10":0,"11":0,"12":0,"13":0,"14":0,"15":0,"16":0,"17":0,"18":0,"19":0,"20":0,"21":0,"22":0,"23":0,"24":0,"25":0,"26":0,"27":0,"28":0,"29":0,"30":0},"f":{"0":0,"1":0},"b":{"0":[0,0],"1":[0,0],"2":[0,0],"3":[0,0],"4":[0,0],"5":[0,0]}}
,"/home/runner/work/backend/backend/src/examples.ts": {"path":"/home/runner/work/backend/backend/src/examples.ts","statementMap":{"0":{"start":{"line":2,"column":1},"end":{"line":2,"column":14}},"1":{"start":{"line":5,"column":9},"end":{"line":5,"column":19}}},"fnMap":{"0":{"name":"addNumbers","decl":{"start":{"line":1,"column":9},"end":{"line":1,"column":19}},"loc":{"start":{"line":1,"column":40},"end":{"line":3,"column":1}}}},"branchMap":{},"s":{"0":1,"1":1},"f":{"0":1},"b":{}}
,"/home/runner/work/backend/backend/src/server.ts": {"path":"/home/runner/work/backend/backend/src/server.ts","statementMap":{"0":{"start":{"line":1,"column":0},"end":{"line":1,"column":37}},"1":{"start":{"line":2,"column":0},"end":{"line":2,"column":41}},"2":{"start":{"line":3,"column":0},"end":{"line":3,"column":33}},"3":{"start":{"line":4,"column":0},"end":{"line":4,"column":43}},"4":{"start":{"line":5,"column":0},"end":{"line":5,"column":29}},"5":{"start":{"line":6,"column":0},"end":{"line":6,"column":28}},"6":{"start":{"line":8,"column":0},"end":{"line":8,"column":16}},"7":{"start":{"line":10,"column":0},"end":{"line":12,"column":3}},"8":{"start":{"line":11,"column":1},"end":{"line":11,"column":66}},"9":{"start":{"line":11,"column":45},"end":{"line":11,"column":66}},"10":{"start":{"line":13,"column":0},"end":{"line":15,"column":3}},"11":{"start":{"line":14,"column":1},"end":{"line":14,"column":79}},"12":{"start":{"line":17,"column":0},"end":{"line":17,"column":81}},"13":{"start":{"line":18,"column":0},"end":{"line":18,"column":24}},"14":{"start":{"line":20,"column":0},"end":{"line":26,"column":71}},"15":{"start":{"line":21,"column":21},"end":{"line":25,"column":3}},"16":{"start":{"line":22,"column":2},"end":{"line":24,"column":5}},"17":{"start":{"line":23,"column":3},"end":{"line":23,"column":79}},"18":{"start":{"line":26,"column":19},"end":{"line":26,"column":69}}},"fnMap":{"0":{"name":"(anonymous_14)","decl":{"start":{"line":10,"column":32},"end":{"line":10,"column":33}},"loc":{"start":{"line":10,"column":47},"end":{"line":12,"column":1}}},"1":{"name":"(anonymous_15)","decl":{"start":{"line":13,"column":33},"end":{"line":13,"column":34}},"loc":{"start":{"line":13,"column":47},"end":{"line":15,"column":1}}},"2":{"name":"(anonymous_16)","decl":{"start":{"line":21,"column":7},"end":{"line":21,"column":14}},"loc":{"start":{"line":21,"column":21},"end":{"line":25,"column":3}}},"3":{"name":"(anonymous_17)","decl":{"start":{"line":21,"column":21},"end":{"line":21,"column":null}},"loc":{"start":{"line":21,"column":21},"end":{"line":25,"column":2}}},"4":{"name":"(anonymous_18)","decl":{"start":{"line":22,"column":35},"end":{"line":22,"column":38}},"loc":{"start":{"line":22,"column":40},"end":{"line":24,"column":3}}},"5":{"name":"(anonymous_19)","decl":{"start":{"line":26,"column":8},"end":{"line":26,"column":9}},"loc":{"start":{"line":26,"column":19},"end":{"line":26,"column":69}}}},"branchMap":{"0":{"loc":{"start":{"line":11,"column":1},"end":{"line":11,"column":66}},"type":"if","locations":[{"start":{"line":11,"column":1},"end":{"line":11,"column":66}},{"start":{"line":11,"column":1},"end":{"line":11,"column":66}}]},"1":{"loc":{"start":{"line":11,"column":5},"end":{"line":11,"column":10}},"type":"binary-expr","locations":[{"start":{"line":11,"column":5},"end":{"line":11,"column":10}},{"start":{"line":11,"column":14},"end":{"line":11,"column":43}}]}},"s":{"0":0,"1":0,"2":0,"3":0,"4":0,"5":0,"6":0,"7":0,"8":0,"9":0,"10":0,"11":0,"12":0,"13":0,"14":0,"15":0,"16":0,"17":0,"18":0},"f":{"0":0,"1":0,"2":0,"3":0,"4":0,"5":0},"b":{"0":[0,0],"1":[0,0]}}
,"/home/runner/work/backend/backend/src/api/ExampleController.ts": {"path":"/home/runner/work/backend/backend/src/api/ExampleController.ts","statementMap":{"0":{"start":{"line":1,"column":0},"end":{"line":1,"column":37}},"1":{"start":{"line":2,"column":0},"end":{"line":2,"column":46}},"2":{"start":{"line":4,"column":20},"end":{"line":4,"column":59}},"3":{"start":{"line":6,"column":27},"end":{"line":9,"column":2}},"4":{"start":{"line":6,"column":61},"end":{"line":9,"column":2}},"5":{"start":{"line":7,"column":11},"end":{"line":7,"column":46}},"6":{"start":{"line":8,"column":1},"end":{"line":8,"column":72}},"7":{"start":{"line":6,"column":13},"end":{"line":6,"column":27}}},"fnMap":{"0":{"name":"(anonymous_7)","decl":{"start":{"line":6,"column":27},"end":{"line":6,"column":34}},"loc":{"start":{"line":6,"column":61},"end":{"line":9,"column":2}}},"1":{"name":"(anonymous_8)","decl":{"start":{"line":6,"column":61},"end":{"line":6,"column":null}},"loc":{"start":{"line":6,"column":61},"end":{"line":9,"column":1}}}},"branchMap":{},"s":{"0":0,"1":0,"2":0,"3":0,"4":0,"5":0,"6":0,"7":0},"f":{"0":0,"1":0},"b":{}}
,"/home/runner/work/backend/backend/src/orm/entities.ts": {"path":"/home/runner/work/backend/backend/src/orm/entities.ts","statementMap":{"0":{"start":{"line":1,"column":0},"end":{"line":1,"column":37}}},"fnMap":{},"branchMap":{},"s":{"0":1},"f":{},"b":{}}
,"/home/runner/work/backend/backend/src/orm/entity/exampleUser.ts": {"path":"/home/runner/work/backend/backend/src/orm/entity/exampleUser.ts","statementMap":{"0":{"start":{"line":1,"column":0},"end":{"line":1,"column":65}},"1":{"start":{"line":4,"column":0},"end":{"line":16,"column":null}},"2":{"start":{"line":6,"column":1},"end":{"line":6,"column":null}},"3":{"start":{"line":9,"column":1},"end":{"line":9,"column":null}},"4":{"start":{"line":12,"column":1},"end":{"line":12,"column":null}},"5":{"start":{"line":15,"column":1},"end":{"line":15,"column":null}},"6":{"start":{"line":4,"column":13},"end":{"line":16,"column":null}},"7":{"start":{"line":4,"column":13},"end":{"line":4,"column":24}}},"fnMap":{},"branchMap":{},"s":{"0":1,"1":1,"2":1,"3":1,"4":1,"5":1,"6":1,"7":1},"f":{},"b":{}}
}
