{"/home/runner/work/backend/backend/ormconfig.js": {"path":"/home/runner/work/backend/backend/ormconfig.js","statementMap":{"0":{"start":{"line":1,"column":0},"end":{"line":1,"column":27}},"1":{"start":{"line":3,"column":0},"end":{"line":22,"column":2}}},"fnMap":{},"branchMap":{},"s":{"0":2,"1":2},"f":{},"b":{},"_coverageSchema":"1a1c01bbd47fc00a2c39e90264f33305004495a9","hash":"251acf763ed321065637a159e08a3de3bb1cb337"}
,"/home/runner/work/backend/backend/src/connect.ts": {"path":"/home/runner/work/backend/backend/src/connect.ts","statementMap":{"0":{"start":{"line":1,"column":0},"end":{"line":1,"column":70}},"1":{"start":{"line":3,"column":19},"end":{"line":20,"column":2}},"2":{"start":{"line":5,"column":2},"end":{"line":5,"column":28}},"3":{"start":{"line":9,"column":2},"end":{"line":9,"column":32}},"4":{"start":{"line":13,"column":21},"end":{"line":13,"column":36}},"5":{"start":{"line":14,"column":19},"end":{"line":14,"column":45}},"6":{"start":{"line":15,"column":2},"end":{"line":18,"column":5}},"7":{"start":{"line":15,"column":36},"end":{"line":18,"column":4}},"8":{"start":{"line":16,"column":22},"end":{"line":16,"column":59}},"9":{"start":{"line":17,"column":3},"end":{"line":17,"column":61}},"10":{"start":{"line":21,"column":0},"end":{"line":21,"column":26}}},"fnMap":{"0":{"name":"(anonymous_7)","decl":{"start":{"line":4,"column":7},"end":{"line":4,"column":13}},"loc":{"start":{"line":4,"column":13},"end":{"line":6,"column":null}}},"1":{"name":"(anonymous_9)","decl":{"start":{"line":8,"column":7},"end":{"line":8,"column":12}},"loc":{"start":{"line":8,"column":12},"end":{"line":10,"column":null}}},"2":{"name":"(anonymous_11)","decl":{"start":{"line":12,"column":7},"end":{"line":12,"column":12}},"loc":{"start":{"line":12,"column":12},"end":{"line":19,"column":null}}},"3":{"name":"(anonymous_13)","decl":{"start":{"line":15,"column":19},"end":{"line":15,"column":26}},"loc":{"start":{"line":15,"column":36},"end":{"line":18,"column":4}}},"4":{"name":"(anonymous_14)","decl":{"start":{"line":15,"column":36},"end":{"line":15,"column":null}},"loc":{"start":{"line":15,"column":36},"end":{"line":18,"column":3}}}},"branchMap":{},"s":{"0":2,"1":2,"2":2,"3":2,"4":1,"5":1,"6":1,"7":1,"8":1,"9":1,"10":2},"f":{"0":2,"1":2,"2":1,"3":1,"4":1},"b":{}}
,"/home/runner/work/backend/backend/src/examples.ts": {"path":"/home/runner/work/backend/backend/src/examples.ts","statementMap":{"0":{"start":{"line":2,"column":1},"end":{"line":2,"column":14}},"1":{"start":{"line":5,"column":9},"end":{"line":5,"column":19}}},"fnMap":{"0":{"name":"addNumbers","decl":{"start":{"line":1,"column":9},"end":{"line":1,"column":19}},"loc":{"start":{"line":1,"column":40},"end":{"line":3,"column":1}}}},"branchMap":{},"s":{"0":1,"1":1},"f":{"0":1},"b":{}}
,"/home/runner/work/backend/backend/src/orm/entities.ts": {"path":"/home/runner/work/backend/backend/src/orm/entities.ts","statementMap":{"0":{"start":{"line":1,"column":0},"end":{"line":1,"column":37}}},"fnMap":{},"branchMap":{},"s":{"0":1},"f":{},"b":{}}
,"/home/runner/work/backend/backend/src/orm/entity/exampleUser.ts": {"path":"/home/runner/work/backend/backend/src/orm/entity/exampleUser.ts","statementMap":{"0":{"start":{"line":1,"column":0},"end":{"line":1,"column":65}},"1":{"start":{"line":4,"column":0},"end":{"line":16,"column":null}},"2":{"start":{"line":6,"column":1},"end":{"line":6,"column":null}},"3":{"start":{"line":9,"column":1},"end":{"line":9,"column":null}},"4":{"start":{"line":12,"column":1},"end":{"line":12,"column":null}},"5":{"start":{"line":15,"column":1},"end":{"line":15,"column":null}},"6":{"start":{"line":4,"column":13},"end":{"line":16,"column":null}},"7":{"start":{"line":4,"column":13},"end":{"line":4,"column":24}}},"fnMap":{},"branchMap":{},"s":{"0":2,"1":2,"2":2,"3":2,"4":2,"5":2,"6":2,"7":2},"f":{},"b":{}}
}
