TN:
SF:src/app.ts
FN:36,securityHandler
FN:70,(anonymous_8)
FNF:2
FNH:0
FNDA:0,securityHandler
FNDA:0,(anonymous_8)
DA:1,0
DA:4,0
DA:5,0
DA:6,0
DA:7,0
DA:8,0
DA:9,0
DA:11,0
DA:31,0
DA:38,0
DA:39,0
DA:40,0
DA:41,0
DA:42,0
DA:43,0
DA:44,0
DA:45,0
DA:47,0
DA:50,0
DA:51,0
DA:53,0
DA:56,0
DA:57,0
DA:59,0
DA:60,0
DA:67,0
DA:68,0
DA:70,0
DA:71,0
DA:72,0
DA:74,0
LF:31
LH:0
BRDA:38,0,0,0
BRDA:38,0,1,0
BRDA:40,1,0,0
BRDA:40,1,1,0
BRDA:43,2,0,0
BRDA:43,2,1,0
BRDA:50,3,0,0
BRDA:50,3,1,0
BRDA:56,4,0,0
BRDA:56,4,1,0
BRDA:71,5,0,0
BRDA:71,5,1,0
BRF:12
BRH:0
end_of_record
TN:
SF:src/examples.ts
FN:1,addNumbers
FNF:1
FNH:1
FNDA:1,addNumbers
DA:2,1
DA:5,1
LF:2
LH:2
BRF:0
BRH:0
end_of_record
TN:
SF:src/server.ts
FN:11,(anonymous_14)
FN:14,(anonymous_15)
FN:22,(anonymous_16)
FN:22,(anonymous_17)
FN:23,(anonymous_18)
FN:27,(anonymous_19)
FNF:6
FNH:0
FNDA:0,(anonymous_14)
FNDA:0,(anonymous_15)
FNDA:0,(anonymous_16)
FNDA:0,(anonymous_17)
FNDA:0,(anonymous_18)
FNDA:0,(anonymous_19)
DA:1,0
DA:2,0
DA:3,0
DA:4,0
DA:5,0
DA:6,0
DA:8,0
DA:11,0
DA:12,0
DA:14,0
DA:15,0
DA:18,0
DA:19,0
DA:21,0
DA:22,0
DA:23,0
DA:24,0
DA:27,0
LF:18
LH:0
BRDA:12,0,0,0
BRDA:12,0,1,0
BRDA:12,1,0,0
BRDA:12,1,1,0
BRF:4
BRH:0
end_of_record
TN:
SF:src/api/EmailController.ts
FN:10,(anonymous_7)
FN:10,(anonymous_8)
FNF:2
FNH:0
FNDA:0,(anonymous_7)
FNDA:0,(anonymous_8)
DA:1,0
DA:2,0
DA:3,0
DA:4,0
DA:5,0
DA:10,0
DA:11,0
DA:12,0
DA:13,0
DA:14,0
DA:15,0
DA:23,0
DA:24,0
DA:25,0
DA:26,0
DA:28,0
DA:29,0
LF:17
LH:0
BRF:0
BRH:0
end_of_record
TN:
SF:src/api/ExampleController.ts
FN:9,(anonymous_7)
FN:9,(anonymous_8)
FN:21,(anonymous_9)
FN:21,(anonymous_10)
FN:30,(anonymous_11)
FN:30,(anonymous_12)
FN:40,(anonymous_13)
FN:40,(anonymous_14)
FNF:8
FNH:0
FNDA:0,(anonymous_7)
FNDA:0,(anonymous_8)
FNDA:0,(anonymous_9)
FNDA:0,(anonymous_10)
FNDA:0,(anonymous_11)
FNDA:0,(anonymous_12)
FNDA:0,(anonymous_13)
FNDA:0,(anonymous_14)
DA:1,0
DA:2,0
DA:4,0
DA:9,0
DA:10,0
DA:11,0
DA:12,0
DA:14,0
DA:15,0
DA:17,0
DA:21,0
DA:22,0
DA:23,0
DA:24,0
DA:26,0
DA:30,0
DA:31,0
DA:32,0
DA:33,0
DA:34,0
DA:36,0
DA:40,0
DA:41,0
DA:42,0
DA:43,0
DA:44,0
DA:46,0
LF:27
LH:0
BRF:0
BRH:0
end_of_record
TN:
SF:src/api/InformationController.ts
FN:9,(anonymous_7)
FN:9,(anonymous_8)
FN:18,(anonymous_9)
FN:18,(anonymous_10)
FNF:4
FNH:0
FNDA:0,(anonymous_7)
FNDA:0,(anonymous_8)
FNDA:0,(anonymous_9)
FNDA:0,(anonymous_10)
DA:1,0
DA:2,0
DA:4,0
DA:9,0
DA:10,0
DA:11,0
DA:12,0
DA:14,0
DA:18,0
DA:19,0
DA:20,0
DA:21,0
DA:22,0
DA:24,0
DA:25,0
LF:15
LH:0
BRF:0
BRH:0
end_of_record
TN:
SF:src/api/MaterialController.ts
FN:10,(anonymous_7)
FN:10,(anonymous_8)
FN:21,(anonymous_9)
FN:21,(anonymous_10)
FN:33,(anonymous_11)
FN:33,(anonymous_12)
FN:49,(anonymous_13)
FN:49,(anonymous_14)
FN:59,(anonymous_15)
FN:59,(anonymous_16)
FN:69,(anonymous_17)
FN:69,(anonymous_18)
FNF:12
FNH:0
FNDA:0,(anonymous_7)
FNDA:0,(anonymous_8)
FNDA:0,(anonymous_9)
FNDA:0,(anonymous_10)
FNDA:0,(anonymous_11)
FNDA:0,(anonymous_12)
FNDA:0,(anonymous_13)
FNDA:0,(anonymous_14)
FNDA:0,(anonymous_15)
FNDA:0,(anonymous_16)
FNDA:0,(anonymous_17)
FNDA:0,(anonymous_18)
DA:2,0
DA:3,0
DA:5,0
DA:10,0
DA:11,0
DA:12,0
DA:13,0
DA:14,0
DA:15,0
DA:17,0
DA:21,0
DA:22,0
DA:23,0
DA:24,0
DA:25,0
DA:26,0
DA:27,0
DA:29,0
DA:33,0
DA:34,0
DA:35,0
DA:36,0
DA:37,0
DA:38,0
DA:45,0
DA:49,0
DA:50,0
DA:51,0
DA:52,0
DA:53,0
DA:55,0
DA:59,0
DA:60,0
DA:61,0
DA:62,0
DA:63,0
DA:65,0
DA:69,0
DA:70,0
DA:71,0
DA:72,0
DA:74,0
LF:42
LH:0
BRDA:26,0,0,0
BRDA:26,0,1,0
BRF:2
BRH:0
end_of_record
TN:
SF:src/api/StaffController.ts
FN:11,(anonymous_7)
FN:11,(anonymous_8)
FN:29,(anonymous_9)
FN:29,(anonymous_10)
FNF:4
FNH:0
FNDA:0,(anonymous_7)
FNDA:0,(anonymous_8)
FNDA:0,(anonymous_9)
FNDA:0,(anonymous_10)
DA:1,0
DA:2,0
DA:3,0
DA:5,0
DA:6,0
DA:11,0
DA:12,0
DA:13,0
DA:14,0
DA:15,0
DA:16,0
DA:17,0
DA:18,0
DA:19,0
DA:20,0
DA:21,0
DA:22,0
DA:24,0
DA:25,0
DA:29,0
DA:30,0
DA:31,0
DA:32,0
DA:33,0
DA:35,0
LF:25
LH:0
BRF:0
BRH:0
end_of_record
TN:
SF:src/api/UserController.ts
FN:8,(anonymous_7)
FN:8,(anonymous_8)
FN:28,(anonymous_9)
FN:28,(anonymous_10)
FNF:4
FNH:0
FNDA:0,(anonymous_7)
FNDA:0,(anonymous_8)
FNDA:0,(anonymous_9)
FNDA:0,(anonymous_10)
DA:1,0
DA:2,0
DA:3,0
DA:5,0
DA:6,0
DA:8,0
DA:9,0
DA:10,0
DA:11,0
DA:15,0
DA:16,0
DA:17,0
DA:18,0
DA:19,0
DA:20,0
DA:21,0
DA:23,0
DA:24,0
DA:28,0
DA:29,0
LF:20
LH:0
BRF:0
BRH:0
end_of_record
TN:
SF:src/orm/entities.ts
FNF:0
FNH:0
DA:1,15
DA:2,15
DA:3,15
DA:4,15
DA:5,15
DA:6,15
DA:7,15
DA:8,15
DA:9,15
DA:10,15
DA:11,15
DA:12,15
DA:13,15
DA:14,15
DA:15,15
LF:15
LH:15
BRF:0
BRH:0
end_of_record
TN:
SF:src/orm/entity/calendar.ts
FNF:0
FNH:0
DA:1,15
DA:4,15
DA:6,15
DA:9,15
DA:12,15
DA:15,15
DA:18,15
DA:21,15
LF:8
LH:8
BRF:0
BRH:0
end_of_record
TN:
SF:src/orm/entity/collaborator.ts
FN:21,(anonymous_2)
FN:21,(anonymous_3)
FNF:2
FNH:2
FNDA:15,(anonymous_2)
FNDA:15,(anonymous_3)
DA:1,15
DA:2,15
DA:5,15
DA:7,15
DA:10,15
DA:13,15
DA:16,15
DA:19,15
DA:21,15
DA:22,15
LF:10
LH:10
BRF:0
BRH:0
end_of_record
TN:
SF:src/orm/entity/department.ts
FN:15,(anonymous_2)
FN:15,(anonymous_3)
FNF:2
FNH:2
FNDA:15,(anonymous_2)
FNDA:15,(anonymous_3)
DA:1,15
DA:2,15
DA:5,15
DA:7,15
DA:10,15
DA:13,15
DA:15,15
DA:17,15
LF:8
LH:8
BRF:0
BRH:0
end_of_record
TN:
SF:src/orm/entity/donation.ts
FNF:0
FNH:0
DA:1,15
DA:4,15
DA:6,15
DA:9,15
DA:12,15
DA:15,15
LF:6
LH:6
BRF:0
BRH:0
end_of_record
TN:
SF:src/orm/entity/donationSettings.ts
FNF:0
FNH:0
DA:1,15
DA:4,15
DA:6,15
DA:9,15
LF:4
LH:4
BRF:0
BRH:0
end_of_record
TN:
SF:src/orm/entity/exampleUser.ts
FNF:0
FNH:0
DA:1,15
DA:4,15
DA:6,15
DA:9,15
DA:12,15
DA:15,15
LF:6
LH:6
BRF:0
BRH:0
end_of_record
TN:
SF:src/orm/entity/information.ts
FNF:0
FNH:0
DA:1,15
DA:4,15
DA:6,15
DA:9,15
DA:12,15
DA:15,15
LF:6
LH:6
BRF:0
BRH:0
end_of_record
TN:
SF:src/orm/entity/material.ts
FNF:0
FNH:0
DA:1,15
DA:4,15
DA:6,15
DA:9,15
DA:12,15
LF:5
LH:5
BRF:0
BRH:0
end_of_record
TN:
SF:src/orm/entity/permission.ts
FN:15,(anonymous_2)
FN:15,(anonymous_3)
FNF:2
FNH:2
FNDA:15,(anonymous_2)
FNDA:15,(anonymous_3)
DA:1,15
DA:2,15
DA:5,15
DA:7,15
DA:10,15
DA:13,15
DA:15,15
DA:17,15
LF:8
LH:8
BRF:0
BRH:0
end_of_record
TN:
SF:src/orm/entity/postRegister.ts
FN:24,(anonymous_2)
FN:24,(anonymous_3)
FNF:2
FNH:2
FNDA:15,(anonymous_2)
FNDA:15,(anonymous_3)
DA:1,15
DA:2,15
DA:5,15
DA:7,15
DA:10,15
DA:13,15
DA:16,15
DA:19,15
DA:22,15
DA:24,15
DA:25,15
LF:11
LH:11
BRF:0
BRH:0
end_of_record
TN:
SF:src/orm/entity/role.ts
FN:15,(anonymous_2)
FN:15,(anonymous_3)
FN:19,(anonymous_4)
FN:19,(anonymous_5)
FNF:4
FNH:4
FNDA:15,(anonymous_2)
FNDA:15,(anonymous_3)
FNDA:15,(anonymous_4)
FNDA:15,(anonymous_5)
DA:1,15
DA:2,15
DA:5,15
DA:7,15
DA:10,15
DA:13,15
DA:15,15
DA:17,15
DA:19,15
DA:21,15
LF:10
LH:10
BRF:0
BRH:0
end_of_record
TN:
SF:src/orm/entity/section.ts
FN:12,(anonymous_2)
FN:12,(anonymous_3)
FNF:2
FNH:2
FNDA:15,(anonymous_2)
FNDA:15,(anonymous_3)
DA:1,15
DA:2,15
DA:5,15
DA:7,15
DA:10,15
DA:12,15
DA:13,15
LF:7
LH:7
BRF:0
BRH:0
end_of_record
TN:
SF:src/orm/entity/staff.ts
FN:14,(anonymous_2)
FN:14,(anonymous_3)
FN:17,(anonymous_4)
FN:17,(anonymous_5)
FNF:4
FNH:4
FNDA:15,(anonymous_2)
FNDA:15,(anonymous_3)
FNDA:15,(anonymous_4)
FNDA:15,(anonymous_5)
DA:1,15
DA:2,15
DA:4,15
DA:6,15
DA:9,15
DA:12,15
DA:14,15
DA:15,15
DA:17,15
DA:19,15
LF:10
LH:10
BRF:0
BRH:0
end_of_record
TN:
SF:src/orm/entity/user.ts
FN:21,(anonymous_2)
FN:21,(anonymous_3)
FNF:2
FNH:2
FNDA:15,(anonymous_2)
FNDA:15,(anonymous_3)
DA:1,15
DA:2,15
DA:5,15
DA:7,15
DA:10,15
DA:13,15
DA:16,15
DA:19,15
DA:21,15
DA:23,15
LF:10
LH:10
BRF:0
BRH:0
end_of_record
TN:
SF:src/orm/entity/view.ts
FNF:0
FNH:0
DA:1,15
DA:4,15
DA:6,15
DA:9,15
DA:12,15
LF:5
LH:5
BRF:0
BRH:0
end_of_record
