TN:
SF:ormconfig.js
FNF:0
FNH:0
DA:1,2
DA:3,2
LF:2
LH:2
BRF:0
BRH:0
end_of_record
TN:
SF:src/connect.ts
FN:4,(anonymous_7)
FN:8,(anonymous_9)
FN:12,(anonymous_11)
FN:15,(anonymous_13)
FN:15,(anonymous_14)
FNF:5
FNH:5
FNDA:2,(anonymous_7)
FNDA:2,(anonymous_9)
FNDA:1,(anonymous_11)
FNDA:1,(anonymous_13)
FNDA:1,(anonymous_14)
DA:1,2
DA:3,2
DA:5,2
DA:9,2
DA:13,1
DA:14,1
DA:15,1
DA:16,1
DA:17,1
DA:21,2
LF:10
LH:10
BRF:0
BRH:0
end_of_record
TN:
SF:src/examples.ts
FN:1,addNumbers
FNF:1
FNH:1
FNDA:1,addNumbers
DA:2,1
DA:5,1
LF:2
LH:2
BRF:0
BRH:0
end_of_record
TN:
SF:src/orm/entities.ts
FNF:0
FNH:0
DA:1,1
LF:1
LH:1
BRF:0
BRH:0
end_of_record
TN:
SF:src/orm/entity/exampleUser.ts
FNF:0
FNH:0
DA:1,2
DA:4,2
DA:6,2
DA:9,2
DA:12,2
DA:15,2
LF:6
LH:6
BRF:0
BRH:0
end_of_record
